<?xml version="1.0" encoding="UTF-8"?>
<!-- Generated by org.testng.reporters.JUnitXMLReporter -->
<testsuite ignored="0" hostname="DESKTOP-J81GBTP" failures="2" tests="5" name="Test" time="109.008" errors="0" timestamp="2024-06-29T17:29:51 IST">
  <testcase classname="bootcamp2testng.BaseClass" name="@AfterMethod tearDown" time="0.728">
    <failure type="java.lang.AssertionError" message="The following asserts failed:
	Not Identifiedjava.lang.NullPointerException: Cannot invoke &amp;quot;org.openqa.selenium.interactions.Actions.moveToElement(org.openqa.selenium.WebElement)&amp;quot; because &amp;quot;this.actions&amp;quot; is null">
      <![CDATA[java.lang.AssertionError: The following asserts failed:
Not Identifiedjava.lang.NullPointerException: Cannot invoke "org.openqa.selenium.interactions.Actions.moveToElement(org.openqa.selenium.WebElement)" because "this.actions" is null
at bootcamp2testng.Assertion.doAssertAll(Assertion.java:36)
at bootcamp2testng.BaseClass.tearDown(BaseClass.java:108)
at java.base/java.util.ArrayList.forEach(ArrayList.java:1511)
... Removed 34 stack frames]]>
    </failure>
  </testcase> <!-- @AfterMethod tearDown -->
  <testcase classname="bootcamp2testng.BaseClass" name="@BeforeMethod setUp" time="-1.719662330792E9">
    <skipped/>
  </testcase> <!-- @BeforeMethod setUp -->
  <testcase classname="bootcamp2testng.BaseClass" name="@AfterMethod tearDown" time="-1.719662351117E9">
    <skipped/>
  </testcase> <!-- @AfterMethod tearDown -->
  <testcase classname="bootcamp2testng.BaseClass" name="@BeforeMethod setUp" time="-1.719662351125E9">
    <skipped/>
  </testcase> <!-- @BeforeMethod setUp -->
  <testcase classname="bootcamp2testng.BaseClass" name="@AfterMethod tearDown" time="-1.719662371313E9">
    <skipped/>
  </testcase> <!-- @AfterMethod tearDown -->
  <testcase classname="bootcamp2testng.BaseClass" name="@BeforeMethod setUp" time="-1.719662371325E9">
    <skipped/>
  </testcase> <!-- @BeforeMethod setUp -->
  <testcase classname="bootcamp2testng.BaseClass" name="@AfterMethod tearDown" time="-1.719662391558E9">
    <skipped/>
  </testcase> <!-- @AfterMethod tearDown -->
  <testcase classname="bootcamp2testng.CreateAccount" name="addAccount" time="22.633">
    <skipped/>
  </testcase> <!-- addAccount -->
  <testcase classname="bootcamp2testng.CreateAccount" name="addAccount" time="20.315">
    <skipped/>
  </testcase> <!-- addAccount -->
  <testcase classname="bootcamp2testng.CreateAccount" name="addAccount" time="20.178">
    <skipped/>
  </testcase> <!-- addAccount -->
  <testcase classname="bootcamp2testng.CreateAccount" name="addAccount" time="20.226">
    <failure type="org.openqa.selenium.NoSuchElementException" message="no such element: Unable to locate element: {&amp;quot;method&amp;quot;:&amp;quot;xpath&amp;quot;,&amp;quot;selector&amp;quot;:&amp;quot;//*[@kx-type=&amp;apos;underline&amp;apos;]&amp;quot;}
  (Session info: chrome=126.0.6478.126)
For documentation on this error, please visit: https://www.selenium.dev/documentation/webdriver/troubleshooting/errors#no-such-element-exception
Build info: version: &amp;apos;4.13.0&amp;apos;, revision: &amp;apos;ba948ece5b*&amp;apos;
System info: os.name: &amp;apos;Windows 10&amp;apos;, os.arch: &amp;apos;amd64&amp;apos;, os.version: &amp;apos;10.0&amp;apos;, java.version: &amp;apos;16.0.1&amp;apos;
Driver info: org.openqa.selenium.chrome.ChromeDriver
Command: [dbcb5e16b09097787b66fbedfadc7126, findElement {using=xpath, value=//*[@kx-type=&amp;apos;underline&amp;apos;]}]
Capabilities {acceptInsecureCerts: false, browserName: chrome, browserVersion: 126.0.6478.126, chrome: {chromedriverVersion: 126.0.6478.126 (d36ace6122e..., userDataDir: C:\Users\Lenovo\AppData\Loc...}, fedcm:accounts: true, goog:chromeOptions: {debuggerAddress: localhost:64806}, networkConnectionEnabled: false, pageLoadStrategy: normal, platformName: windows, proxy: Proxy(), se:cdp: ws://localhost:64806/devtoo..., se:cdpVersion: 126.0.6478.126, setWindowRect: true, strictFileInteractability: false, timeouts: {implicit: 0, pageLoad: 300000, script: 30000}, unhandledPromptBehavior: dismiss and notify, webauthn:extension:credBlob: true, webauthn:extension:largeBlob: true, webauthn:extension:minPinLength: true, webauthn:extension:prf: true, webauthn:virtualAuthenticators: true}
Session ID: dbcb5e16b09097787b66fbedfadc7126">
      <![CDATA[org.openqa.selenium.NoSuchElementException: no such element: Unable to locate element: {"method":"xpath","selector":"//*[@kx-type='underline']"}
  (Session info: chrome=126.0.6478.126)
For documentation on this error, please visit: https://www.selenium.dev/documentation/webdriver/troubleshooting/errors#no-such-element-exception
Build info: version: '4.13.0', revision: 'ba948ece5b*'
System info: os.name: 'Windows 10', os.arch: 'amd64', os.version: '10.0', java.version: '16.0.1'
Driver info: org.openqa.selenium.chrome.ChromeDriver
Command: [dbcb5e16b09097787b66fbedfadc7126, findElement {using=xpath, value=//*[@kx-type='underline']}]
Capabilities {acceptInsecureCerts: false, browserName: chrome, browserVersion: 126.0.6478.126, chrome: {chromedriverVersion: 126.0.6478.126 (d36ace6122e..., userDataDir: C:\Users\Lenovo\AppData\Loc...}, fedcm:accounts: true, goog:chromeOptions: {debuggerAddress: localhost:64806}, networkConnectionEnabled: false, pageLoadStrategy: normal, platformName: windows, proxy: Proxy(), se:cdp: ws://localhost:64806/devtoo..., se:cdpVersion: 126.0.6478.126, setWindowRect: true, strictFileInteractability: false, timeouts: {implicit: 0, pageLoad: 300000, script: 30000}, unhandledPromptBehavior: dismiss and notify, webauthn:extension:credBlob: true, webauthn:extension:largeBlob: true, webauthn:extension:minPinLength: true, webauthn:extension:prf: true, webauthn:virtualAuthenticators: true}
Session ID: dbcb5e16b09097787b66fbedfadc7126
at org.openqa.selenium.remote.codec.w3c.W3CHttpResponseCodec.createException(W3CHttpResponseCodec.java:200)
at org.openqa.selenium.remote.codec.w3c.W3CHttpResponseCodec.decode(W3CHttpResponseCodec.java:133)
at org.openqa.selenium.remote.codec.w3c.W3CHttpResponseCodec.decode(W3CHttpResponseCodec.java:52)
at org.openqa.selenium.remote.HttpCommandExecutor.execute(HttpCommandExecutor.java:191)
at org.openqa.selenium.remote.service.DriverCommandExecutor.invokeExecute(DriverCommandExecutor.java:196)
at org.openqa.selenium.remote.service.DriverCommandExecutor.execute(DriverCommandExecutor.java:171)
at org.openqa.selenium.remote.RemoteWebDriver.execute(RemoteWebDriver.java:602)
at org.openqa.selenium.remote.ElementLocation$ElementFinder$2.findElement(ElementLocation.java:165)
at org.openqa.selenium.remote.ElementLocation.findElement(ElementLocation.java:59)
at org.openqa.selenium.remote.RemoteWebDriver.findElement(RemoteWebDriver.java:359)
at org.openqa.selenium.remote.RemoteWebDriver.findElement(RemoteWebDriver.java:353)
at bootcamp2testng.CreateAccount.addAccount(CreateAccount.java:33)
at java.base/java.util.ArrayList.forEach(ArrayList.java:1511)
... Removed 32 stack frames]]>
    </failure>
  </testcase> <!-- addAccount -->
  <testcase classname="bootcamp2testng.EditAccount" name="updateAccount" time="0.0">
    <failure type="org.testng.TestNGException" message="
Method public void bootcamp2testng.EditAccount.updateAccount(java.lang.String,java.lang.String,java.lang.String,java.lang.String,java.lang.String,java.lang.String,java.lang.String,java.lang.String) requires a @DataProvider named : getData2">
      <![CDATA[org.testng.TestNGException: 
Method public void bootcamp2testng.EditAccount.updateAccount(java.lang.String,java.lang.String,java.lang.String,java.lang.String,java.lang.String,java.lang.String,java.lang.String,java.lang.String) requires a @DataProvider named : getData2
at java.base/java.util.ArrayList.forEach(ArrayList.java:1511)
... Removed 24 stack frames]]>
    </failure>
  </testcase> <!-- updateAccount -->
</testsuite> <!-- Test -->
